<?xml version="1.0" encoding="UTF-8"?>
<!-- Generated by org.testng.reporters.JUnitReportReporter -->
<testsuite hostname="sumanth-X550CA" name="com.jaya.webdesign.ver5.ReportingVersion5" tests="2" failures="0" timestamp="31 May 2016 09:42:40 GMT" time="0.587" errors="0">
  <testcase name="urlAndTitleCheck" time="0.341" classname="com.jaya.webdesign.ver5.ReportingVersion5"/>
  <testcase name="toggleVerification" time="0.246" classname="com.jaya.webdesign.ver5.ReportingVersion5"/>
</testsuite> <!-- com.jaya.webdesign.ver5.ReportingVersion5 -->
